0 info it worked if it ends with ok
1 verbose cli [ '/usr/bin/node', '/usr/bin/npm', 'start' ]
2 info using npm@1.4.21
3 info using node@v8.11.1
4 verbose run-script [ 'prestart', 'start', 'poststart' ]
5 info prestart setup@0.0.1
6 info start setup@0.0.1
7 verbose unsafe-perm in lifecycle true
8 info setup@0.0.1 Failed to exec start script
9 error setup@0.0.1 start: `electron .`
9 error Exit status 127
10 error Failed at the setup@0.0.1 start script.
10 error This is most likely a problem with the setup package,
10 error not with npm itself.
10 error Tell the author that this fails on your system:
10 error     electron .
10 error You can get their info via:
10 error     npm owner ls setup
10 error There is likely additional logging output above.
11 error System Linux 4.14.79-v7+
12 error command "/usr/bin/node" "/usr/bin/npm" "start"
13 error cwd /home/pi/Desktop/Setup
14 error node -v v8.11.1
15 error npm -v 1.4.21
16 error code ELIFECYCLE
17 verbose exit [ 1, true ]
